 2024-11-30 00:15:54] INFO  [asset-management-system,,] AssetManagementSystemApplication - Starting AssetManagementSystemApplication using Java 21.0.4 with PID 17548 (D:\gdnt-projects\workspaces\asset-management-system\bin\main started by SOKHOM in D:\gdnt-projects\workspaces\asset-management-system)
 2024-11-30 00:15:54] INFO  [asset-management-system,,] AssetManagementSystemApplication - No active profile set, falling back to 1 default profile: "default"
 2024-11-30 00:15:55] INFO  [asset-management-system,,] olsPropertyDefaultsPostProcessor - Devtools property defaults active! Set 'spring.devtools.add-properties' to 'false' to disable
 2024-11-30 00:15:55] INFO  [asset-management-system,,] olsPropertyDefaultsPostProcessor - For additional web related logging consider setting the 'logging.level.web' property to 'DEBUG'
 2024-11-30 00:15:55] INFO  [asset-management-system,,] .RepositoryConfigurationDelegate - Bootstrapping Spring Data JDBC repositories in DEFAULT mode.
 2024-11-30 00:15:55] INFO  [asset-management-system,,] .RepositoryConfigurationDelegate - Finished Spring Data repository scanning in 17 ms. Found 0 JDBC repository interfaces.
 2024-11-30 00:15:56] INFO  [asset-management-system,,] m.zaxxer.hikari.HikariDataSource - HikariPool-1 - Starting...
 2024-11-30 00:15:57] INFO  [asset-management-system,,] om.zaxxer.hikari.pool.HikariPool - HikariPool-1 - Added connection com.mysql.cj.jdbc.ConnectionImpl@6bee9edf
 2024-11-30 00:15:57] INFO  [asset-management-system,,] m.zaxxer.hikari.HikariDataSource - HikariPool-1 - Start completed.
 2024-11-30 00:15:57] INFO  [asset-management-system,,] o.s.b.w.e.tomcat.TomcatWebServer - Tomcat initialized with port 8080 (http)
 2024-11-30 00:15:57] INFO  [asset-management-system,,] .a.catalina.core.StandardService - Starting service [Tomcat]
 2024-11-30 00:15:57] INFO  [asset-management-system,,] o.a.catalina.core.StandardEngine - Starting Servlet engine: [Apache Tomcat/10.1.31]
 2024-11-30 00:15:57] INFO  [asset-management-system,,] a.c.c.C.[Tomcat].[localhost].[/] - Initializing Spring embedded WebApplicationContext
 2024-11-30 00:15:57] INFO  [asset-management-system,,] rvletWebServerApplicationContext - Root WebApplicationContext: initialization completed in 2484 ms
 2024-11-30 00:15:57] INFO  [asset-management-system,,] icationProviderManagerConfigurer - Global AuthenticationManager configured with AuthenticationProvider bean with name authenticationProvider
 2024-11-30 00:15:57] WARN  [asset-management-system,,] lizeUserDetailsManagerConfigurer - Global AuthenticationManager configured with an AuthenticationProvider bean. UserDetailsService beans will not be used for username/password login. Consider removing the AuthenticationProvider bean. Alternatively, consider using the UserDetailsService in a manually instantiated DaoAuthenticationProvider.
 2024-11-30 00:15:58] INFO  [asset-management-system,,] s.b.d.a.OptionalLiveReloadServer - LiveReload server is running on port 35729
 2024-11-30 00:15:58] INFO  [asset-management-system,,] o.s.b.w.e.tomcat.TomcatWebServer - Tomcat started on port 8080 (http) with context path '/'
 2024-11-30 00:15:58] INFO  [asset-management-system,,] AssetManagementSystemApplication - Started AssetManagementSystemApplication in 4.506 seconds (process running for 5.509)
 2024-11-30 00:16:12] INFO  [asset-management-system,,] a.c.c.C.[Tomcat].[localhost].[/] - Initializing Spring DispatcherServlet 'dispatcherServlet'
 2024-11-30 00:16:12] INFO  [asset-management-system,,] .s.web.servlet.DispatcherServlet - Initializing Servlet 'dispatcherServlet'
 2024-11-30 00:16:12] INFO  [asset-management-system,,] .s.web.servlet.DispatcherServlet - Completed initialization in 1 ms
 2024-11-30 00:16:14] INFO  [asset-management-system,,] .t.config.HttpUserDetailsService - HttpUserDetails[request=HttpUserDetailsRequest(username=sokhomngor@gmail.com, password=$2y$10$418hRKhPLSQU4QYkNYN8M.7jFaRHXuRgV/ZemoVuz/xSVhPu4QHoS, name=null, photo=null, roles=[Officials, Admin], permissions=[manufacturer-create, allSerial, maintenance-edit, report-by-department-list, serialUsing, product-list, manufacturer-edit, maintenance-create, position-list, manufacturer-list, pivotCategorySourceDetailUsing, maintenance-list, ref, ministry-list, pivotCategorySource, product-category-list, office-list, user-list, product-edit, user-create, warehouse-list, ministry-create, source-list, supply-delete, position-delete, product-category-edit, ministry-edit, source-create, role-delete, supply-edit, ministry-delete, assign-serial-create, office-create, product-create, general-department-create, supply-list, serialReturn, department-create, user-edit, warehouse-edit, people-create, role-edit, people-list, department-list, user-delete, privacy, warehouse-delete, serialFree, pivotCategorySourceDetail, position-create, source-edit, people-edit, printAssignSerial, source-delete, role-list, product-category-delete, maintenance-delete, maintenanceDone, office-delete, manufacturer-delete, department-edit, pivotCategorySourceDetailRef, people-delete, office-edit, report-by-people-department-list, assign-serial-list, product-delete, general-department-delete, product-category-create, general-department-list, department-delete, position-edit, role-create, allProduct, warehouse-create, general-department-edit, assign-serial-delete, assign-serial-edit, maintenance, supply-create, pivotCategorySourceDetailFree])]
 2024-11-30 00:16:18] INFO  [asset-management-system,,] kh.gov.treasury.user.UserDao     - (userSetting)(READ) - UserSettingDto(name=ង៉ោ សុខុម, email=sokhomngor@gmail.com, password=null, gender=null, phone=086 883 580, photo=images/users/users-5ef09447-c37a-4ff2-8e49-154b2c84bfe1.png)
 2024-11-30 00:16:26] INFO  [asset-management-system,,] gov.treasury.user.UserController - (udpateUserPhoto) - org.springframework.web.multipart.support.StandardMultipartHttpServletRequest$StandardMultipartFile@4b00a79b
 2024-11-30 00:16:29] INFO  [asset-management-system,,] kh.gov.treasury.user.UserDao     - (userSetting)(READ) - UserSettingDto(name=ង៉ោ សុខុម, email=sokhomngor@gmail.com, password=null, gender=null, phone=086 883 580, photo=images/users/users-043e3182-1039-40fc-bd5c-32e0595890ef.png)
 2024-11-30 00:45:38] INFO  [asset-management-system,,] Registrar$SpringApplicationAdmin - Application shutdown requested.
 2024-11-30 00:45:38] INFO  [asset-management-system,,] m.zaxxer.hikari.HikariDataSource - HikariPool-1 - Shutdown initiated...
 2024-11-30 00:45:38] INFO  [asset-management-system,,] m.zaxxer.hikari.HikariDataSource - HikariPool-1 - Shutdown completed.
