 2024-11-29 22:44:00] INFO  [asset-management-system,,] AssetManagementSystemApplication - Starting AssetManagementSystemApplication using Java 21.0.4 with PID 13880 (D:\gdnt-projects\workspaces\asset-management-system\bin\main started by SOKHOM in D:\gdnt-projects\workspaces\asset-management-system)
 2024-11-29 22:44:00] INFO  [asset-management-system,,] AssetManagementSystemApplication - No active profile set, falling back to 1 default profile: "default"
 2024-11-29 22:44:00] INFO  [asset-management-system,,] .RepositoryConfigurationDelegate - Bootstrapping Spring Data JDBC repositories in DEFAULT mode.
 2024-11-29 22:44:00] INFO  [asset-management-system,,] .RepositoryConfigurationDelegate - Finished Spring Data repository scanning in 3 ms. Found 0 JDBC repository interfaces.
 2024-11-29 22:44:00] INFO  [asset-management-system,,] m.zaxxer.hikari.HikariDataSource - HikariPool-6 - Starting...
 2024-11-29 22:44:01] INFO  [asset-management-system,,] om.zaxxer.hikari.pool.HikariPool - HikariPool-6 - Added connection com.mysql.cj.jdbc.ConnectionImpl@5105d23
 2024-11-29 22:44:01] INFO  [asset-management-system,,] m.zaxxer.hikari.HikariDataSource - HikariPool-6 - Start completed.
 2024-11-29 22:44:01] INFO  [asset-management-system,,] o.s.b.w.e.tomcat.TomcatWebServer - Tomcat initialized with port 8080 (http)
 2024-11-29 22:44:01] INFO  [asset-management-system,,] .a.catalina.core.StandardService - Starting service [Tomcat]
 2024-11-29 22:44:01] INFO  [asset-management-system,,] o.a.catalina.core.StandardEngine - Starting Servlet engine: [Apache Tomcat/10.1.31]
 2024-11-29 22:44:01] INFO  [asset-management-system,,] a.c.c.C.[Tomcat].[localhost].[/] - Initializing Spring embedded WebApplicationContext
 2024-11-29 22:44:01] INFO  [asset-management-system,,] rvletWebServerApplicationContext - Root WebApplicationContext: initialization completed in 751 ms
 2024-11-29 22:44:01] INFO  [asset-management-system,,] icationProviderManagerConfigurer - Global AuthenticationManager configured with AuthenticationProvider bean with name authenticationProvider
 2024-11-29 22:44:01] WARN  [asset-management-system,,] lizeUserDetailsManagerConfigurer - Global AuthenticationManager configured with an AuthenticationProvider bean. UserDetailsService beans will not be used for username/password login. Consider removing the AuthenticationProvider bean. Alternatively, consider using the UserDetailsService in a manually instantiated DaoAuthenticationProvider.
 2024-11-29 22:44:01] INFO  [asset-management-system,,] s.b.d.a.OptionalLiveReloadServer - LiveReload server is running on port 35729
 2024-11-29 22:44:01] INFO  [asset-management-system,,] o.s.b.w.e.tomcat.TomcatWebServer - Tomcat started on port 8080 (http) with context path '/'
 2024-11-29 22:44:01] INFO  [asset-management-system,,] AssetManagementSystemApplication - Started AssetManagementSystemApplication in 1.045 seconds (process running for 6006.791)
 2024-11-29 22:44:01] INFO  [asset-management-system,,] onEvaluationDeltaLoggingListener - Condition evaluation unchanged
 2024-11-29 22:49:37] INFO  [asset-management-system,,] Registrar$SpringApplicationAdmin - Application shutdown requested.
 2024-11-29 22:49:37] INFO  [asset-management-system,,] m.zaxxer.hikari.HikariDataSource - HikariPool-6 - Shutdown initiated...
 2024-11-29 22:49:37] INFO  [asset-management-system,,] m.zaxxer.hikari.HikariDataSource - HikariPool-6 - Shutdown completed.
